<?xml version="1.0" encoding="UTF-8"?>
<!-- Generated by org.testng.reporters.JUnitReportReporter -->
<testsuite hostname="DESKTOP-NILPBOH" failures="0" tests="2" name="org.api.PostAPI" time="3.630" errors="0" timestamp="2024-08-05T14:45:54 IST" skipped="0">
  <testcase classname="org.api.PostAPI" name="logIn" time="2.199"/>
  <system-out/>
  <testcase classname="org.api.PostAPI" name="lmsAddContactDetails" time="1.431"/>
  <system-out/>
</testsuite> <!-- org.api.PostAPI -->
