<?xml version="1.0" encoding="UTF-8"?>
<!-- Generated by org.testng.reporters.JUnitReportReporter -->
<testsuite hostname="DESKTOP-NILPBOH" failures="0" tests="1" name="org.api.LaunchBrowser" time="4.223" errors="0" timestamp="2024-08-08T10:19:37 IST" skipped="0">
  <testcase classname="org.api.LaunchBrowser" name="openBrowser" time="4.223"/>
  <system-out/>
</testsuite> <!-- org.api.LaunchBrowser -->
